<?xml version="1.0" encoding="UTF-8"?>
<!-- Generated by org.testng.reporters.JUnitReportReporter -->
<testsuite hostname="KanthReddy" failures="0" tests="1" name="com.TestCases.TC_02_Create_New_Client" time="35.785" errors="0" timestamp="12 Apr 2018 16:25:37 GMT" skipped="0">
  <testcase classname="com.TestCases.TC_02_Create_New_Client" name="Create_New_Client" time="35.785"/>
</testsuite> <!-- com.TestCases.TC_02_Create_New_Client -->
