<?xml version="1.0" encoding="UTF-8"?>
<!-- Generated by org.testng.reporters.JUnitReportReporter -->
<testsuite hostname="KanthReddy" failures="0" tests="1" name="com.TestCases.Tc_01_ValidateLoginCredentials" time="9.690" errors="0" timestamp="04 Apr 2018 15:48:40 GMT" skipped="0">
  <testcase classname="com.TestCases.Tc_01_ValidateLoginCredentials" name="Tc_01_ValidateLoginCredentials" time="9.690"/>
</testsuite> <!-- com.TestCases.Tc_01_ValidateLoginCredentials -->
