<?xml version="1.0" encoding="UTF-8"?>
<!-- Generated by org.testng.reporters.JUnitReportReporter -->
<testsuite hostname="KanthReddy" failures="0" tests="1" name="com.TestCases.TC_01_Verify_Agency_Login" time="22.001" errors="0" timestamp="10 Apr 2018 15:20:34 GMT" skipped="0">
  <testcase classname="com.TestCases.TC_01_Verify_Agency_Login" name="Login" time="22.001"/>
</testsuite> <!-- com.TestCases.TC_01_Verify_Agency_Login -->
